0 info it worked if it ends with ok
1 verbose cli [ '/usr/bin/node', '/usr/bin/npm', 'install', 'q' ]
2 info using npm@2.11.3
3 info using node@v0.12.7
4 verbose node symlink /usr/bin/node
5 verbose install initial load of /home/abissoto/Documentos/NodeLearning/package.json
6 warn package.json myapp@1.0.0 No description
7 warn package.json myapp@1.0.0 No repository field.
8 warn package.json myapp@1.0.0 No README data
9 verbose installManyTop reading scoped package data from /home/abissoto/Documentos/NodeLearning/node_modules/bl/package.json
10 verbose installManyTop reading scoped package data from /home/abissoto/Documentos/NodeLearning/node_modules/body-parser/package.json
11 verbose installManyTop reading scoped package data from /home/abissoto/Documentos/NodeLearning/node_modules/client-sessions/package.json
12 verbose installManyTop reading scoped package data from /home/abissoto/Documentos/NodeLearning/node_modules/connect-redis/package.json
13 verbose installManyTop reading scoped package data from /home/abissoto/Documentos/NodeLearning/node_modules/express/package.json
14 verbose installManyTop reading scoped package data from /home/abissoto/Documentos/NodeLearning/node_modules/express-session/package.json
15 verbose installManyTop reading scoped package data from /home/abissoto/Documentos/NodeLearning/node_modules/jade/package.json
16 verbose installManyTop reading scoped package data from /home/abissoto/Documentos/NodeLearning/node_modules/q/package.json
17 verbose installManyTop reading scoped package data from /home/abissoto/Documentos/NodeLearning/node_modules/redis/package.json
18 verbose installManyTop reading scoped package data from /home/abissoto/Documentos/NodeLearning/node_modules/redis-server/package.json
19 verbose installManyTop reading scoped package data from /home/abissoto/Documentos/NodeLearning/node_modules/socket.io/package.json
20 verbose installManyTop reading scoped package data from /home/abissoto/Documentos/NodeLearning/node_modules/then-redis/package.json
21 info package.json q@1.4.1 license should be a valid SPDX license expression
22 info package.json client-sessions@0.7.0 No license field.
23 info package.json redis-server@0.0.1 No license field.
24 info package.json socket.io@1.3.7 No license field.
25 verbose readDependencies loading dependencies from /home/abissoto/Documentos/NodeLearning/package.json
26 verbose install q is installed as 1.4.1
27 silly cache add args [ 'q', null ]
28 verbose cache add spec q
29 silly cache add parsed spec { raw: 'q',
29 silly cache add   scope: null,
29 silly cache add   name: 'q',
29 silly cache add   rawSpec: '',
29 silly cache add   spec: '*',
29 silly cache add   type: 'range' }
30 silly addNamed q@*
31 verbose addNamed "*" is a valid semver range for q
32 silly addNameRange { name: 'q', range: '*', hasData: false }
33 silly mapToRegistry name q
34 silly mapToRegistry using default registry
35 silly mapToRegistry registry https://registry.npmjs.org/
36 silly mapToRegistry uri https://registry.npmjs.org/q
37 verbose addNameRange registry:https://registry.npmjs.org/q not in flight; fetching
38 verbose request uri https://registry.npmjs.org/q
39 verbose request no auth needed
40 info attempt registry request try #1 at 10:06:22
41 verbose request id 203992c99f0b2130
42 verbose etag "BUPEN95FMXN570JZR4C81G3XI"
43 http request GET https://registry.npmjs.org/q
44 http 304 https://registry.npmjs.org/q
45 silly get cb [ 304,
45 silly get   { date: 'Mon, 21 Sep 2015 13:06:20 GMT',
45 silly get     via: '1.1 varnish',
45 silly get     'cache-control': 'max-age=60',
45 silly get     etag: '"BUPEN95FMXN570JZR4C81G3XI"',
45 silly get     age: '26',
45 silly get     connection: 'keep-alive',
45 silly get     'x-served-by': 'cache-jfk1024-JFK',
45 silly get     'x-cache': 'HIT',
45 silly get     'x-cache-hits': '2',
45 silly get     'x-timer': 'S1442840780.978702,VS0,VE0',
45 silly get     vary: 'Accept' } ]
46 verbose etag https://registry.npmjs.org/q from cache
47 verbose get saving q to /home/abissoto/.npm/registry.npmjs.org/q/.cache.json
48 silly addNameRange number 2 { name: 'q', range: '*', hasData: true }
49 silly addNameRange versions [ 'q',
49 silly addNameRange   [ '0.0.0',
49 silly addNameRange     '0.0.1',
49 silly addNameRange     '0.0.2',
49 silly addNameRange     '0.0.3',
49 silly addNameRange     '0.1.0',
49 silly addNameRange     '0.1.1',
49 silly addNameRange     '0.1.2',
49 silly addNameRange     '0.1.3',
49 silly addNameRange     '0.1.4',
49 silly addNameRange     '0.1.5',
49 silly addNameRange     '0.1.6',
49 silly addNameRange     '0.1.7',
49 silly addNameRange     '0.1.8',
49 silly addNameRange     '0.1.9',
49 silly addNameRange     '0.2.0-rc1',
49 silly addNameRange     '0.2.0',
49 silly addNameRange     '0.2.1',
49 silly addNameRange     '0.2.2',
49 silly addNameRange     '0.2.3',
49 silly addNameRange     '0.2.4',
49 silly addNameRange     '0.2.5',
49 silly addNameRange     '0.2.6',
49 silly addNameRange     '0.2.7',
49 silly addNameRange     '0.2.8',
49 silly addNameRange     '0.2.9',
49 silly addNameRange     '0.3.0',
49 silly addNameRange     '0.2.10',
49 silly addNameRange     '0.4.0',
49 silly addNameRange     '0.4.1',
49 silly addNameRange     '0.4.2',
49 silly addNameRange     '0.4.4',
49 silly addNameRange     '0.5.0',
49 silly addNameRange     '0.5.1',
49 silly addNameRange     '0.5.2',
49 silly addNameRange     '0.5.3',
49 silly addNameRange     '0.6.0',
49 silly addNameRange     '0.7.0',
49 silly addNameRange     '0.7.1',
49 silly addNameRange     '0.7.2',
49 silly addNameRange     '0.8.0',
49 silly addNameRange     '0.8.1',
49 silly addNameRange     '0.8.2',
49 silly addNameRange     '0.8.3',
49 silly addNameRange     '0.8.4',
49 silly addNameRange     '0.8.5',
49 silly addNameRange     '0.8.6',
49 silly addNameRange     '0.8.7',
49 silly addNameRange     '0.8.8',
49 silly addNameRange     '0.8.9',
49 silly addNameRange     '0.8.10',
49 silly addNameRange     '0.8.11',
49 silly addNameRange     '0.8.12',
49 silly addNameRange     '0.9.0',
49 silly addNameRange     '0.9.1',
49 silly addNameRange     '0.9.2',
49 silly addNameRange     '0.9.3',
49 silly addNameRange     '0.9.4',
49 silly addNameRange     '0.9.5',
49 silly addNameRange     '0.9.6',
49 silly addNameRange     '0.9.7',
49 silly addNameRange     '1.0.0',
49 silly addNameRange     '1.0.1',
49 silly addNameRange     '2.0.0',
49 silly addNameRange     '2.0.1',
49 silly addNameRange     '2.0.2',
49 silly addNameRange     '1.1.0',
49 silly addNameRange     '1.1.1',
49 silly addNameRange     '1.1.2',
49 silly addNameRange     '2.0.3',
49 silly addNameRange     '1.2.0',
49 silly addNameRange     '1.2.1',
49 silly addNameRange     '1.3.0',
49 silly addNameRange     '1.4.0',
49 silly addNameRange     '1.4.1' ] ]
50 silly addNamed q@1.4.1
51 verbose addNamed "1.4.1" is a plain semver version for q
52 silly cache afterAdd q@1.4.1
53 verbose afterAdd /home/abissoto/.npm/q/1.4.1/package/package.json not in flight; writing
54 verbose afterAdd /home/abissoto/.npm/q/1.4.1/package/package.json written
55 silly install resolved [ { name: 'q',
55 silly install resolved     version: '1.4.1',
55 silly install resolved     description: 'A library for promises (CommonJS/Promises/A,B,D)',
55 silly install resolved     homepage: 'https://github.com/kriskowal/q',
55 silly install resolved     author:
55 silly install resolved      { name: 'Kris Kowal',
55 silly install resolved        email: 'kris@cixar.com',
55 silly install resolved        url: 'https://github.com/kriskowal' },
55 silly install resolved     keywords:
55 silly install resolved      [ 'q',
55 silly install resolved        'promise',
55 silly install resolved        'promises',
55 silly install resolved        'promises-a',
55 silly install resolved        'promises-aplus',
55 silly install resolved        'deferred',
55 silly install resolved        'future',
55 silly install resolved        'async',
55 silly install resolved        'flow control',
55 silly install resolved        'fluent',
55 silly install resolved        'browser',
55 silly install resolved        'node' ],
55 silly install resolved     contributors: [ [Object], [Object], [Object] ],
55 silly install resolved     bugs: { url: 'http://github.com/kriskowal/q/issues' },
55 silly install resolved     license:
55 silly install resolved      { type: 'MIT',
55 silly install resolved        url: 'http://github.com/kriskowal/q/raw/master/LICENSE' },
55 silly install resolved     main: 'q.js',
55 silly install resolved     files: [ 'LICENSE', 'q.js', 'queue.js' ],
55 silly install resolved     repository: { type: 'git', url: 'git://github.com/kriskowal/q.git' },
55 silly install resolved     engines: { node: '>=0.6.0', teleport: '>=0.2.0' },
55 silly install resolved     dependencies: {},
55 silly install resolved     devDependencies:
55 silly install resolved      { cover: '*',
55 silly install resolved        grunt: '~0.4.1',
55 silly install resolved        'grunt-cli': '~0.1.9',
55 silly install resolved        'grunt-contrib-uglify': '~0.9.1',
55 silly install resolved        'jasmine-node': '1.11.0',
55 silly install resolved        jshint: '~2.1.9',
55 silly install resolved        matcha: '~0.2.0',
55 silly install resolved        opener: '*',
55 silly install resolved        'promises-aplus-tests': '1.x' },
55 silly install resolved     scripts:
55 silly install resolved      { test: 'jasmine-node spec && promises-aplus-tests spec/aplus-adapter',
55 silly install resolved        'test-browser': 'opener spec/q-spec.html',
55 silly install resolved        benchmark: 'matcha',
55 silly install resolved        lint: 'jshint q.js',
55 silly install resolved        cover: 'cover run jasmine-node spec && cover report html && opener cover_html/index.html',
55 silly install resolved        minify: 'grunt',
55 silly install resolved        prepublish: 'grunt' },
55 silly install resolved     overlay: { teleport: [Object] },
55 silly install resolved     directories: { test: './spec' },
55 silly install resolved     gitHead: 'd373079d3620152e3d60e82f27265a09ee0e81bd',
55 silly install resolved     _id: 'q@1.4.1',
55 silly install resolved     _shasum: '55705bcd93c5f3673530c2c2cbc0c2b3addc286e',
55 silly install resolved     _from: 'q@*',
55 silly install resolved     _npmVersion: '2.8.3',
55 silly install resolved     _nodeVersion: '1.8.1',
55 silly install resolved     _npmUser: { name: 'kriskowal', email: 'kris.kowal@cixar.com' },
55 silly install resolved     maintainers: [ [Object], [Object] ],
55 silly install resolved     dist:
55 silly install resolved      { shasum: '55705bcd93c5f3673530c2c2cbc0c2b3addc286e',
55 silly install resolved        tarball: 'http://registry.npmjs.org/q/-/q-1.4.1.tgz' },
55 silly install resolved     _resolved: 'https://registry.npmjs.org/q/-/q-1.4.1.tgz',
55 silly install resolved     readme: 'ERROR: No README data found!' } ]
56 info install q@1.4.1 into /home/abissoto/Documentos/NodeLearning
57 info installOne q@1.4.1
58 verbose installOne of q to /home/abissoto/Documentos/NodeLearning not in flight; installing
59 verbose lock using /home/abissoto/.npm/_locks/q-c2526c80f87e62be.lock for /home/abissoto/Documentos/NodeLearning/node_modules/q
60 silly install write writing q 1.4.1 to /home/abissoto/Documentos/NodeLearning/node_modules/q
61 verbose unbuild node_modules/q
62 info preuninstall q@1.4.1
63 info uninstall q@1.4.1
64 verbose unbuild rmStuff q@1.4.1 from /home/abissoto/Documentos/NodeLearning/node_modules
65 info postuninstall q@1.4.1
66 silly gentlyRm /home/abissoto/Documentos/NodeLearning/node_modules/q is being purged from base /home/abissoto/Documentos/NodeLearning
67 verbose gentlyRm don't care about contents; nuking /home/abissoto/Documentos/NodeLearning/node_modules/q
68 silly vacuum-fs purging /home/abissoto/Documentos/NodeLearning/node_modules/q
69 silly vacuum-fs quitting because other entries in /home/abissoto/Documentos/NodeLearning/node_modules
70 verbose tar unpack /home/abissoto/.npm/q/1.4.1/package.tgz
71 verbose tar unpacking to /home/abissoto/Documentos/NodeLearning/node_modules/q
72 silly gentlyRm /home/abissoto/Documentos/NodeLearning/node_modules/q is being purged
73 verbose gentlyRm don't care about contents; nuking /home/abissoto/Documentos/NodeLearning/node_modules/q
74 silly gunzTarPerm modes [ '755', '644' ]
75 silly gunzTarPerm extractEntry package.json
76 silly gunzTarPerm extractEntry README.md
77 silly gunzTarPerm extractEntry LICENSE
78 silly gunzTarPerm extractEntry q.js
79 silly gunzTarPerm extractEntry queue.js
80 silly gunzTarPerm extractEntry CHANGES.md
81 verbose write writing to /home/abissoto/Documentos/NodeLearning/node_modules/q/package.json
82 info preinstall q@1.4.1
83 verbose readDependencies loading dependencies from /home/abissoto/Documentos/NodeLearning/node_modules/q/package.json
84 verbose readDependencies loading dependencies from /home/abissoto/Documentos/NodeLearning/node_modules/q/package.json
85 silly install resolved []
86 verbose about to build /home/abissoto/Documentos/NodeLearning/node_modules/q
87 info build /home/abissoto/Documentos/NodeLearning/node_modules/q
88 info linkStuff q@1.4.1
89 silly linkStuff q@1.4.1 has /home/abissoto/Documentos/NodeLearning/node_modules as its parent node_modules
90 verbose linkBins q@1.4.1
91 verbose linkMans q@1.4.1
92 verbose rebuildBundles q@1.4.1
93 info install q@1.4.1
94 info postinstall q@1.4.1
95 verbose unlock done using /home/abissoto/.npm/_locks/q-c2526c80f87e62be.lock for /home/abissoto/Documentos/NodeLearning/node_modules/q
96 verbose validateInstall loading /home/abissoto/Documentos/NodeLearning/package.json for validation
97 verbose stack Error: The package redis does not satisfy its siblings' peerDependencies requirements!
97 verbose stack     at /usr/lib/node_modules/npm/lib/install.js:125:32
97 verbose stack     at /usr/lib/node_modules/npm/lib/install.js:267:7
97 verbose stack     at /usr/lib/node_modules/npm/node_modules/read-installed/read-installed.js:138:5
97 verbose stack     at /usr/lib/node_modules/npm/node_modules/read-installed/read-installed.js:251:14
97 verbose stack     at cb (/usr/lib/node_modules/npm/node_modules/slide/lib/async-map.js:47:24)
97 verbose stack     at /usr/lib/node_modules/npm/node_modules/read-installed/read-installed.js:251:14
97 verbose stack     at cb (/usr/lib/node_modules/npm/node_modules/slide/lib/async-map.js:47:24)
97 verbose stack     at /usr/lib/node_modules/npm/node_modules/read-installed/read-installed.js:251:14
97 verbose stack     at cb (/usr/lib/node_modules/npm/node_modules/slide/lib/async-map.js:47:24)
97 verbose stack     at /usr/lib/node_modules/npm/node_modules/read-installed/read-installed.js:251:14
98 verbose cwd /home/abissoto/Documentos/NodeLearning/authapp
99 error Linux 3.13.0-32-generic
100 error argv "/usr/bin/node" "/usr/bin/npm" "install" "q"
101 error node v0.12.7
102 error npm  v2.11.3
103 error code EPEERINVALID
104 error peerinvalid The package redis does not satisfy its siblings' peerDependencies requirements!
104 error peerinvalid Peer then-redis@1.3.0 wants redis@^0.12.1
105 verbose exit [ 1, true ]
